[0.014s] Invoking command in '/home/dyddl2082/ros2_ws/build/polygon_base': CMAKE_PREFIX_PATH=/opt/ros/foxy /usr/bin/cmake --build /home/dyddl2082/ros2_ws/build/polygon_base -- -j18 -l18
[0.047s] [35m[1mScanning dependencies of target area_node[0m
[0.057s] [ 50%] [32mBuilding CXX object CMakeFiles/area_node.dir/src/area_node.cpp.o[0m
[0.577s] [01m[K/home/dyddl2082/ros2_ws/src/polygon_base/src/area_node.cpp:[m[K In function â€˜[01m[Kint main(int, char**)[m[Kâ€™:
[0.577s] [01m[K/home/dyddl2082/ros2_ws/src/polygon_base/src/area_node.cpp:9:14:[m[K [01;31m[Kerror: [m[Kâ€˜[01m[KClass_Loader[m[Kâ€™ is not a member of â€˜[01m[Kpluginlib[m[Kâ€™; did you mean â€˜[01m[KClassLoader[m[Kâ€™?
[0.577s]     9 |   pluginlib::[01;31m[KClass_Loader[m[K<polygon_base::RegularPolygon> poly_loader("polygon_base", "polygon_base::RegularPolygon");
[0.577s]       |              [01;31m[K^~~~~~~~~~~~[m[K
[0.578s]       |              [32m[KClassLoader[m[K
[0.578s] [01m[K/home/dyddl2082/ros2_ws/src/polygon_base/src/area_node.cpp:9:55:[m[K [01;31m[Kerror: [m[Kexpected primary-expression before â€˜[01m[K>[m[Kâ€™ token
[0.578s]     9 |   pluginlib::Class_Loader<polygon_base::RegularPolygon[01;31m[K>[m[K poly_loader("polygon_base", "polygon_base::RegularPolygon");
[0.578s]       |                                                       [01;31m[K^[m[K
[0.579s] [01m[K/home/dyddl2082/ros2_ws/src/polygon_base/src/area_node.cpp:9:57:[m[K [01;31m[Kerror: [m[Kâ€˜[01m[Kpoly_loader[m[Kâ€™ was not declared in this scope
[0.579s]     9 |   pluginlib::Class_Loader<polygon_base::RegularPolygon> [01;31m[Kpoly_loader[m[K("polygon_base", "polygon_base::RegularPolygon");
[0.580s]       |                                                         [01;31m[K^~~~~~~~~~~[m[K
[0.582s] [01m[K/home/dyddl2082/ros2_ws/src/polygon_base/src/area_node.cpp:14:15:[m[K [01;31m[Kerror: [m[Kâ€˜[01m[Kusing element_type = class polygon_base::RegularPolygon[m[Kâ€™ {aka â€˜[01m[Kclass polygon_base::RegularPolygon[m[Kâ€™} has no member named â€˜[01m[Kinitalize[m[Kâ€™; did you mean â€˜[01m[Kinitialize[m[Kâ€™?
[0.582s]    14 |     triangle->[01;31m[Kinitalize[m[K(10.0);
[0.582s]       |               [01;31m[K^~~~~~~~~[m[K
[0.582s]       |               [32m[Kinitialize[m[K
[0.583s] [01m[K/home/dyddl2082/ros2_ws/src/polygon_base/src/area_node.cpp:17:13:[m[K [01;31m[Kerror: [m[Kâ€˜[01m[Kusing element_type = class polygon_base::RegularPolygon[m[Kâ€™ {aka â€˜[01m[Kclass polygon_base::RegularPolygon[m[Kâ€™} has no member named â€˜[01m[Kinitalize[m[Kâ€™; did you mean â€˜[01m[Kinitialize[m[Kâ€™?
[0.583s]    17 |     square->[01;31m[Kinitalize[m[K(10.0);
[0.583s]       |             [01;31m[K^~~~~~~~~[m[K
[0.583s]       |             [32m[Kinitialize[m[K
[0.947s] make[2]: *** [CMakeFiles/area_node.dir/build.make:63: CMakeFiles/area_node.dir/src/area_node.cpp.o] Error 1
[0.947s] make[1]: *** [CMakeFiles/Makefile2:78: CMakeFiles/area_node.dir/all] Error 2
[0.948s] make: *** [Makefile:141: all] Error 2
[0.952s] Invoked command in '/home/dyddl2082/ros2_ws/build/polygon_base' returned '2': CMAKE_PREFIX_PATH=/opt/ros/foxy /usr/bin/cmake --build /home/dyddl2082/ros2_ws/build/polygon_base -- -j18 -l18
