Start testing: Jul 09 17:58 KST
----------------------------------------------------------
1/5 Testing: copyright
1/5 Test: copyright
Command: "/usr/bin/python3" "-u" "/opt/ros/foxy/share/ament_cmake_test/cmake/run_test.py" "/home/dyddl2082/ros2_ws/build/two_joint_arm/test_results/two_joint_arm/copyright.xunit.xml" "--package-name" "two_joint_arm" "--output-file" "/home/dyddl2082/ros2_ws/build/two_joint_arm/ament_copyright/copyright.txt" "--command" "/opt/ros/foxy/bin/ament_copyright" "--xunit-file" "/home/dyddl2082/ros2_ws/build/two_joint_arm/test_results/two_joint_arm/copyright.xunit.xml"
Directory: /home/dyddl2082/ros2_ws/src/two_joint_arm
"copyright" start time: Jul 09 17:58 KST
Output:
----------------------------------------------------------
-- run_test.py: invoking following command in '/home/dyddl2082/ros2_ws/src/two_joint_arm':
 - /opt/ros/foxy/bin/ament_copyright --xunit-file /home/dyddl2082/ros2_ws/build/two_joint_arm/test_results/two_joint_arm/copyright.xunit.xml
launch/display.launch.py: could not find copyright notice
1 errors, checked 1 files
-- run_test.py: return code 1
-- run_test.py: verify result file '/home/dyddl2082/ros2_ws/build/two_joint_arm/test_results/two_joint_arm/copyright.xunit.xml'
<end of output>
Test time =   0.21 sec
----------------------------------------------------------
Test Failed.
"copyright" end time: Jul 09 17:58 KST
"copyright" time elapsed: 00:00:00
----------------------------------------------------------

2/5 Testing: flake8
2/5 Test: flake8
Command: "/usr/bin/python3" "-u" "/opt/ros/foxy/share/ament_cmake_test/cmake/run_test.py" "/home/dyddl2082/ros2_ws/build/two_joint_arm/test_results/two_joint_arm/flake8.xunit.xml" "--package-name" "two_joint_arm" "--output-file" "/home/dyddl2082/ros2_ws/build/two_joint_arm/ament_flake8/flake8.txt" "--command" "/opt/ros/foxy/bin/ament_flake8" "--xunit-file" "/home/dyddl2082/ros2_ws/build/two_joint_arm/test_results/two_joint_arm/flake8.xunit.xml"
Directory: /home/dyddl2082/ros2_ws/src/two_joint_arm
"flake8" start time: Jul 09 17:58 KST
Output:
----------------------------------------------------------
-- run_test.py: invoking following command in '/home/dyddl2082/ros2_ws/src/two_joint_arm':
 - /opt/ros/foxy/bin/ament_flake8 --xunit-file /home/dyddl2082/ros2_ws/build/two_joint_arm/test_results/two_joint_arm/flake8.xunit.xml

./setup.py:2:1: I100 Import statements are in the wrong order. 'from glob import glob' should be before 'import os'
from glob import glob
^

./setup.py:3:1: I201 Missing newline between import groups. 'from setuptools import setup' is identified as Third Party and 'from glob import glob' is identified as Stdlib.
from setuptools import setup
^

./setup.py:29:2: W292 no newline at end of file
) ^

./launch/display.launch.py:2:1: I201 Missing newline between import groups. 'from ament_index_python.packages import get_package_share_directory' is identified as Third Party and 'import os' is identified as Stdlib.
from ament_index_python.packages import get_package_share_directory
^

./launch/display.launch.py:5:1: I100 Import statements are in the wrong order. 'from launch.actions import DeclareLaunchArgument' should be before 'from launch.substitutions import LaunchConfiguration'
from launch.actions import DeclareLaunchArgument
^

./launch/display.launch.py:9:1: E302 expected 2 blank lines, found 1
def generate_launch_description():
^

./launch/display.launch.py:10:40: Q000 Double quotes found but single quotes preferred
    use_sim_time = LaunchConfiguration("use_sim_time")
                                       ^

./launch/display.launch.py:12:57: Q000 Double quotes found but single quotes preferred
    pkg_path = os.path.join(get_package_share_directory("two_joint_arm"))
                                                        ^

./launch/display.launch.py:13:41: Q000 Double quotes found but single quotes preferred
    xacro_file = os.path.join(pkg_path, "urdf", "two_joint_arm.xacro")
                                        ^

./launch/display.launch.py:13:49: Q000 Double quotes found but single quotes preferred
    xacro_file = os.path.join(pkg_path, "urdf", "two_joint_arm.xacro")
                                                ^

./launch/display.launch.py:15:15: Q000 Double quotes found but single quotes preferred
    params = {"robot_description": robot_description.toxml(), "use_sim_time": use_sim_time}
              ^

./launch/display.launch.py:15:63: Q000 Double quotes found but single quotes preferred
    params = {"robot_description": robot_description.toxml(), "use_sim_time": use_sim_time}
                                                              ^

./launch/display.launch.py:20:17: Q000 Double quotes found but single quotes preferred
                "use_sim_time", default_value="false", description="use sim time"
                ^

./launch/display.launch.py:20:47: Q000 Double quotes found but single quotes preferred
                "use_sim_time", default_value="false", description="use sim time"
                                              ^

./launch/display.launch.py:20:68: Q000 Double quotes found but single quotes preferred
                "use_sim_time", default_value="false", description="use sim time"
                                                                   ^

./launch/display.launch.py:23:25: Q000 Double quotes found but single quotes preferred
                package="robot_state_publisher",
                        ^

./launch/display.launch.py:24:28: Q000 Double quotes found but single quotes preferred
                executable="robot_state_publisher",
                           ^

./launch/display.launch.py:25:24: Q000 Double quotes found but single quotes preferred
                output="screen",
                       ^

./launch/display.launch.py:29:6: W292 no newline at end of file
    )     ^

1     E302 expected 2 blank lines, found 1
2     I100 Import statements are in the wrong order. 'from launch.actions import DeclareLaunchArgument' should be before 'from launch.substitutions import LaunchConfiguration'
2     I201 Missing newline between import groups. 'from ament_index_python.packages import get_package_share_directory' is identified as Third Party and 'import os' is identified as Stdlib.
12    Q000 Double quotes found but single quotes preferred
2     W292 no newline at end of file

2 files checked
19 errors

'E'-type errors: 1
'I'-type errors: 4
'Q'-type errors: 12
'W'-type errors: 2

Checked files:

* ./setup.py
* ./launch/display.launch.py
-- run_test.py: return code 1
-- run_test.py: verify result file '/home/dyddl2082/ros2_ws/build/two_joint_arm/test_results/two_joint_arm/flake8.xunit.xml'
<end of output>
Test time =   0.39 sec
----------------------------------------------------------
Test Failed.
"flake8" end time: Jul 09 17:58 KST
"flake8" time elapsed: 00:00:00
----------------------------------------------------------

3/5 Testing: lint_cmake
3/5 Test: lint_cmake
Command: "/usr/bin/python3" "-u" "/opt/ros/foxy/share/ament_cmake_test/cmake/run_test.py" "/home/dyddl2082/ros2_ws/build/two_joint_arm/test_results/two_joint_arm/lint_cmake.xunit.xml" "--package-name" "two_joint_arm" "--output-file" "/home/dyddl2082/ros2_ws/build/two_joint_arm/ament_lint_cmake/lint_cmake.txt" "--command" "/opt/ros/foxy/bin/ament_lint_cmake" "--xunit-file" "/home/dyddl2082/ros2_ws/build/two_joint_arm/test_results/two_joint_arm/lint_cmake.xunit.xml"
Directory: /home/dyddl2082/ros2_ws/src/two_joint_arm
"lint_cmake" start time: Jul 09 17:58 KST
Output:
----------------------------------------------------------
-- run_test.py: invoking following command in '/home/dyddl2082/ros2_ws/src/two_joint_arm':
 - /opt/ros/foxy/bin/ament_lint_cmake --xunit-file /home/dyddl2082/ros2_ws/build/two_joint_arm/test_results/two_joint_arm/lint_cmake.xunit.xml

No problems found
-- run_test.py: return code 0
-- run_test.py: verify result file '/home/dyddl2082/ros2_ws/build/two_joint_arm/test_results/two_joint_arm/lint_cmake.xunit.xml'
<end of output>
Test time =   0.19 sec
----------------------------------------------------------
Test Passed.
"lint_cmake" end time: Jul 09 17:58 KST
"lint_cmake" time elapsed: 00:00:00
----------------------------------------------------------

4/5 Testing: pep257
4/5 Test: pep257
Command: "/usr/bin/python3" "-u" "/opt/ros/foxy/share/ament_cmake_test/cmake/run_test.py" "/home/dyddl2082/ros2_ws/build/two_joint_arm/test_results/two_joint_arm/pep257.xunit.xml" "--package-name" "two_joint_arm" "--output-file" "/home/dyddl2082/ros2_ws/build/two_joint_arm/ament_pep257/pep257.txt" "--command" "/opt/ros/foxy/bin/ament_pep257" "--xunit-file" "/home/dyddl2082/ros2_ws/build/two_joint_arm/test_results/two_joint_arm/pep257.xunit.xml"
Directory: /home/dyddl2082/ros2_ws/src/two_joint_arm
"pep257" start time: Jul 09 17:58 KST
Output:
----------------------------------------------------------
-- run_test.py: invoking following command in '/home/dyddl2082/ros2_ws/src/two_joint_arm':
 - /opt/ros/foxy/bin/ament_pep257 --xunit-file /home/dyddl2082/ros2_ws/build/two_joint_arm/test_results/two_joint_arm/pep257.xunit.xml
checking ./launch/display.launch.py
checking ./setup.py
No problems found
-- run_test.py: return code 0
-- run_test.py: verify result file '/home/dyddl2082/ros2_ws/build/two_joint_arm/test_results/two_joint_arm/pep257.xunit.xml'
<end of output>
Test time =   0.22 sec
----------------------------------------------------------
Test Passed.
"pep257" end time: Jul 09 17:58 KST
"pep257" time elapsed: 00:00:00
----------------------------------------------------------

5/5 Testing: xmllint
5/5 Test: xmllint
Command: "/usr/bin/python3" "-u" "/opt/ros/foxy/share/ament_cmake_test/cmake/run_test.py" "/home/dyddl2082/ros2_ws/build/two_joint_arm/test_results/two_joint_arm/xmllint.xunit.xml" "--package-name" "two_joint_arm" "--output-file" "/home/dyddl2082/ros2_ws/build/two_joint_arm/ament_xmllint/xmllint.txt" "--command" "/opt/ros/foxy/bin/ament_xmllint" "--xunit-file" "/home/dyddl2082/ros2_ws/build/two_joint_arm/test_results/two_joint_arm/xmllint.xunit.xml"
Directory: /home/dyddl2082/ros2_ws/src/two_joint_arm
"xmllint" start time: Jul 09 17:58 KST
Output:
----------------------------------------------------------
-- run_test.py: invoking following command in '/home/dyddl2082/ros2_ws/src/two_joint_arm':
 - /opt/ros/foxy/bin/ament_xmllint --xunit-file /home/dyddl2082/ros2_ws/build/two_joint_arm/test_results/two_joint_arm/xmllint.xunit.xml
File 'package.xml' is valid

No problems found
-- run_test.py: return code 0
-- run_test.py: verify result file '/home/dyddl2082/ros2_ws/build/two_joint_arm/test_results/two_joint_arm/xmllint.xunit.xml'
<end of output>
Test time =   1.17 sec
----------------------------------------------------------
Test Passed.
"xmllint" end time: Jul 09 17:58 KST
"xmllint" time elapsed: 00:00:01
----------------------------------------------------------

End testing: Jul 09 17:58 KST

copyright =   0.21 sec*proc

flake8 =   0.39 sec*proc

lint_cmake =   0.19 sec*proc

linter =   2.18 sec*proc

pep257 =   0.22 sec*proc

xmllint =   1.17 sec*proc

