-- Found ament_cmake: 0.9.12 (/opt/ros/foxy/share/ament_cmake/cmake)
-- Using PYTHON_EXECUTABLE: /usr/bin/python3
-- Found rclcpp: 2.4.3 (/opt/ros/foxy/share/rclcpp/cmake)
-- Using all available rosidl_typesupport_c: rosidl_typesupport_fastrtps_c;rosidl_typesupport_introspection_c
-- Found rosidl_adapter: 1.3.1 (/opt/ros/foxy/share/rosidl_adapter/cmake)
-- Found OpenSSL: /usr/lib/x86_64-linux-gnu/libcrypto.so (found version "1.1.1f")  
-- Found FastRTPS: /opt/ros/foxy/include  
-- Using all available rosidl_typesupport_cpp: rosidl_typesupport_fastrtps_cpp;rosidl_typesupport_introspection_cpp
-- Found rmw_implementation_cmake: 1.0.4 (/opt/ros/foxy/share/rmw_implementation_cmake/cmake)
-- Using RMW implementation 'rmw_fastrtps_cpp' as default
-- Looking for pthread.h
-- Looking for pthread.h - found
-- Performing Test CMAKE_HAVE_LIBC_PTHREAD
-- Performing Test CMAKE_HAVE_LIBC_PTHREAD - Failed
-- Looking for pthread_create in pthreads
-- Looking for pthread_create in pthreads - not found
-- Looking for pthread_create in pthread
-- Looking for pthread_create in pthread - found
-- Found Threads: TRUE  
-- Found ament_lint_auto: 0.9.8 (/opt/ros/foxy/share/ament_lint_auto/cmake)
WARNING: Package name "Wild_Gunman" does not follow the naming conventions. It should start with a lower case letter and only contain lower case letters, digits, underscores, and dashes.
-- Added test 'copyright' to check source files copyright and LICENSE
-- Added test 'cppcheck' to perform static code analysis on C / C++ code
-- Configured cppcheck include dirs: 
-- Configured cppcheck exclude dirs and/or files: 
-- Added test 'cpplint' to check C / C++ code against the Google style
-- Configured cpplint exclude dirs and/or files: 
-- Added test 'lint_cmake' to check CMake code style
-- Added test 'uncrustify' to check C / C++ code style
-- Configured uncrustify additional arguments: 
-- Added test 'xmllint' to check XML markup files
-- Configuring done
-- Generating done
-- Build files have been written to: /home/dyddl2082/ros2_ws/build/Wild_Gunman
[35m[1mScanning dependencies of target player[0m
[35m[1mScanning dependencies of target gunman[0m
[ 25%] [32mBuilding CXX object CMakeFiles/player.dir/src/Player.cpp.o[0m
[ 50%] [32mBuilding CXX object CMakeFiles/gunman.dir/src/Shooter.cpp.o[0m
[01m[K/home/dyddl2082/ros2_ws/src/Wild_Gunman/src/Shooter.cpp:2:10:[m[K [01;31m[Kfatal error: [m[Kfuctional: No such file or directory
    2 | #include [01;31m[K<fuctional>[m[K
      |          [01;31m[K^~~~~~~~~~~[m[K
compilation terminated.
make[2]: *** [CMakeFiles/gunman.dir/build.make:63: CMakeFiles/gunman.dir/src/Shooter.cpp.o] Error 1
make[1]: *** [CMakeFiles/Makefile2:134: CMakeFiles/gunman.dir/all] Error 2
make[1]: *** Waiting for unfinished jobs....
[01m[K/home/dyddl2082/ros2_ws/src/Wild_Gunman/src/Player.cpp:87:2:[m[K [01;31m[Kerror: [m[Kexpected â€˜[01m[K;[m[Kâ€™ after class definition
   87 | }
      |  [01;31m[K^[m[K
      |  [32m[K;[m[K
[01m[K/home/dyddl2082/ros2_ws/src/Wild_Gunman/src/Player.cpp:[m[K In constructor â€˜[01m[KPlayer::Player()[m[Kâ€™:
[01m[K/home/dyddl2082/ros2_ws/src/Wild_Gunman/src/Player.cpp:35:15:[m[K [01;31m[Kerror: [m[Kexpected â€˜[01m[K;[m[Kâ€™ before â€˜[01m[K}[m[Kâ€™ token
   35 |             })
      |               [01;31m[K^[m[K
      |               [32m[K;[m[K
   36 |         [32m[K}[m[K
      |         [32m[K~[m[K      
[01m[K/home/dyddl2082/ros2_ws/src/Wild_Gunman/src/Player.cpp:[m[K In member function â€˜[01m[Kvoid Player::input_loop()[m[Kâ€™:
[01m[K/home/dyddl2082/ros2_ws/src/Wild_Gunman/src/Player.cpp:58:45:[m[K [01;31m[Kerror: [m[Kexpected â€˜[01m[K;[m[Kâ€™ before â€˜[01m[Kreaction_pub_[m[Kâ€™
   58 |                         msg.data = "Reacted"
      |                                             [01;31m[K^[m[K
      |                                             [32m[K;[m[K
   59 |                         [32m[Kreaction_pub_[m[K->publish(msg);
      |                         [32m[K~~~~~~~~~~~~~[m[K        
[01m[K/home/dyddl2082/ros2_ws/src/Wild_Gunman/src/Player.cpp:[m[K In lambda function:
[01m[K/home/dyddl2082/ros2_ws/src/Wild_Gunman/src/Player.cpp:75:49:[m[K [01;31m[Kerror: [m[Kunable to find numeric literal operator â€˜[01m[Koperator""s[m[Kâ€™
   75 |                     std::this_thread::sleep_for([01;31m[K1s[m[K);
      |                                                 [01;31m[K^~[m[K
make[2]: *** [CMakeFiles/player.dir/build.make:63: CMakeFiles/player.dir/src/Player.cpp.o] Error 1
make[1]: *** [CMakeFiles/Makefile2:80: CMakeFiles/player.dir/all] Error 2
make: *** [Makefile:141: all] Error 2
