[01m[K/home/dyddl2082/ros2_ws/src/polygon_base/src/area_node.cpp:[m[K In function â€˜[01m[Kint main(int, char**)[m[Kâ€™:
[01m[K/home/dyddl2082/ros2_ws/src/polygon_base/src/area_node.cpp:9:14:[m[K [01;31m[Kerror: [m[Kâ€˜[01m[KClass[m[Kâ€™ is not a member of â€˜[01m[Kpluginlib[m[Kâ€™
    9 |   pluginlib::[01;31m[KClass[m[K<polygon_base::RegularPolygon> poly_loader("polygon_base", "polygon_base::RegularPolygon");
      |              [01;31m[K^~~~~[m[K
[01m[K/home/dyddl2082/ros2_ws/src/polygon_base/src/area_node.cpp:9:48:[m[K [01;31m[Kerror: [m[Kexpected primary-expression before â€˜[01m[K>[m[Kâ€™ token
    9 |   pluginlib::Class<polygon_base::RegularPolygon[01;31m[K>[m[K poly_loader("polygon_base", "polygon_base::RegularPolygon");
      |                                                [01;31m[K^[m[K
[01m[K/home/dyddl2082/ros2_ws/src/polygon_base/src/area_node.cpp:9:50:[m[K [01;31m[Kerror: [m[Kâ€˜[01m[Kpoly_loader[m[Kâ€™ was not declared in this scope
    9 |   pluginlib::Class<polygon_base::RegularPolygon> [01;31m[Kpoly_loader[m[K("polygon_base", "polygon_base::RegularPolygon");
      |                                                  [01;31m[K^~~~~~~~~~~[m[K
[01m[K/home/dyddl2082/ros2_ws/src/polygon_base/src/area_node.cpp:14:15:[m[K [01;31m[Kerror: [m[Kâ€˜[01m[Kusing element_type = class polygon_base::RegularPolygon[m[Kâ€™ {aka â€˜[01m[Kclass polygon_base::RegularPolygon[m[Kâ€™} has no member named â€˜[01m[Kinitalize[m[Kâ€™; did you mean â€˜[01m[Kinitialize[m[Kâ€™?
   14 |     triangle->[01;31m[Kinitalize[m[K(10.0);
      |               [01;31m[K^~~~~~~~~[m[K
      |               [32m[Kinitialize[m[K
[01m[K/home/dyddl2082/ros2_ws/src/polygon_base/src/area_node.cpp:17:13:[m[K [01;31m[Kerror: [m[Kâ€˜[01m[Kusing element_type = class polygon_base::RegularPolygon[m[Kâ€™ {aka â€˜[01m[Kclass polygon_base::RegularPolygon[m[Kâ€™} has no member named â€˜[01m[Kinitalize[m[Kâ€™; did you mean â€˜[01m[Kinitialize[m[Kâ€™?
   17 |     square->[01;31m[Kinitalize[m[K(10.0);
      |             [01;31m[K^~~~~~~~~[m[K
      |             [32m[Kinitialize[m[K
make[2]: *** [CMakeFiles/area_node.dir/build.make:63: CMakeFiles/area_node.dir/src/area_node.cpp.o] Error 1
make[1]: *** [CMakeFiles/Makefile2:78: CMakeFiles/area_node.dir/all] Error 2
make: *** [Makefile:141: all] Error 2
