-- The C compiler identification is GNU 9.4.0
-- The CXX compiler identification is GNU 9.4.0
-- Check for working C compiler: /usr/bin/cc
-- Check for working C compiler: /usr/bin/cc -- works
-- Detecting C compiler ABI info
-- Detecting C compiler ABI info - done
-- Detecting C compile features
-- Detecting C compile features - done
-- Check for working CXX compiler: /usr/bin/c++
-- Check for working CXX compiler: /usr/bin/c++ -- works
-- Detecting CXX compiler ABI info
-- Detecting CXX compiler ABI info - done
-- Detecting CXX compile features
-- Detecting CXX compile features - done
-- Found ament_cmake: 0.9.12 (/opt/ros/foxy/share/ament_cmake/cmake)
-- Found PythonInterp: /usr/bin/python3 (found suitable version "3.8.10", minimum required is "3") 
-- Using PYTHON_EXECUTABLE: /usr/bin/python3
-- Found pluginlib: 2.5.4 (/opt/ros/foxy/share/pluginlib/cmake)
-- Found ament_lint_auto: 0.9.8 (/opt/ros/foxy/share/ament_lint_auto/cmake)
-- Added test 'copyright' to check source files copyright and LICENSE
-- Added test 'cppcheck' to perform static code analysis on C / C++ code
-- Configured cppcheck include dirs: $<BUILD_INTERFACE:/home/dyddl2082/ros2_ws/src/polygon_base/include>
-- Configured cppcheck exclude dirs and/or files: 
-- Added test 'cpplint' to check C / C++ code against the Google style
-- Configured cpplint exclude dirs and/or files: 
-- Added test 'lint_cmake' to check CMake code style
-- Added test 'uncrustify' to check C / C++ code style
-- Configured uncrustify additional arguments: 
-- Added test 'xmllint' to check XML markup files
-- Configuring done
-- Generating done
-- Build files have been written to: /home/dyddl2082/ros2_ws/build/polygon_base
[35m[1mScanning dependencies of target area_node[0m
[ 50%] [32mBuilding CXX object CMakeFiles/area_node.dir/src/area_node.cpp.o[0m
[01m[K/home/dyddl2082/ros2_ws/src/polygon_base/src/area_node.cpp:[m[K In function â€˜[01m[Kint main(int, char**)[m[Kâ€™:
[01m[K/home/dyddl2082/ros2_ws/src/polygon_base/src/area_node.cpp:9:14:[m[K [01;31m[Kerror: [m[Kâ€˜[01m[KClass[m[Kâ€™ is not a member of â€˜[01m[Kpluginlib[m[Kâ€™
    9 |   pluginlib::[01;31m[KClass[m[K<polygon_base::RegularPolygon> poly_loader("polygon_base", "polygon_base::RegularPolygon");
      |              [01;31m[K^~~~~[m[K
[01m[K/home/dyddl2082/ros2_ws/src/polygon_base/src/area_node.cpp:9:48:[m[K [01;31m[Kerror: [m[Kexpected primary-expression before â€˜[01m[K>[m[Kâ€™ token
    9 |   pluginlib::Class<polygon_base::RegularPolygon[01;31m[K>[m[K poly_loader("polygon_base", "polygon_base::RegularPolygon");
      |                                                [01;31m[K^[m[K
[01m[K/home/dyddl2082/ros2_ws/src/polygon_base/src/area_node.cpp:9:50:[m[K [01;31m[Kerror: [m[Kâ€˜[01m[Kpoly_loader[m[Kâ€™ was not declared in this scope
    9 |   pluginlib::Class<polygon_base::RegularPolygon> [01;31m[Kpoly_loader[m[K("polygon_base", "polygon_base::RegularPolygon");
      |                                                  [01;31m[K^~~~~~~~~~~[m[K
[01m[K/home/dyddl2082/ros2_ws/src/polygon_base/src/area_node.cpp:14:15:[m[K [01;31m[Kerror: [m[Kâ€˜[01m[Kusing element_type = class polygon_base::RegularPolygon[m[Kâ€™ {aka â€˜[01m[Kclass polygon_base::RegularPolygon[m[Kâ€™} has no member named â€˜[01m[Kinitalize[m[Kâ€™; did you mean â€˜[01m[Kinitialize[m[Kâ€™?
   14 |     triangle->[01;31m[Kinitalize[m[K(10.0);
      |               [01;31m[K^~~~~~~~~[m[K
      |               [32m[Kinitialize[m[K
[01m[K/home/dyddl2082/ros2_ws/src/polygon_base/src/area_node.cpp:17:13:[m[K [01;31m[Kerror: [m[Kâ€˜[01m[Kusing element_type = class polygon_base::RegularPolygon[m[Kâ€™ {aka â€˜[01m[Kclass polygon_base::RegularPolygon[m[Kâ€™} has no member named â€˜[01m[Kinitalize[m[Kâ€™; did you mean â€˜[01m[Kinitialize[m[Kâ€™?
   17 |     square->[01;31m[Kinitalize[m[K(10.0);
      |             [01;31m[K^~~~~~~~~[m[K
      |             [32m[Kinitialize[m[K
make[2]: *** [CMakeFiles/area_node.dir/build.make:63: CMakeFiles/area_node.dir/src/area_node.cpp.o] Error 1
make[1]: *** [CMakeFiles/Makefile2:78: CMakeFiles/area_node.dir/all] Error 2
make: *** [Makefile:141: all] Error 2
