[0.014s] Invoking command in '/home/dyddl2082/ros2_ws/build/polygon_base': CMAKE_PREFIX_PATH=/opt/ros/foxy /usr/bin/cmake /home/dyddl2082/ros2_ws/src/polygon_base -DCMAKE_INSTALL_PREFIX=/home/dyddl2082/ros2_ws/install/polygon_base
[0.481s] -- The C compiler identification is GNU 9.4.0
[1.120s] -- The CXX compiler identification is GNU 9.4.0
[1.447s] -- Check for working C compiler: /usr/bin/cc
[1.767s] -- Check for working C compiler: /usr/bin/cc -- works
[1.778s] -- Detecting C compiler ABI info
[2.076s] -- Detecting C compiler ABI info - done
[2.084s] -- Detecting C compile features
[2.085s] -- Detecting C compile features - done
[2.088s] -- Check for working CXX compiler: /usr/bin/c++
[2.358s] -- Check for working CXX compiler: /usr/bin/c++ -- works
[2.358s] -- Detecting CXX compiler ABI info
[2.629s] -- Detecting CXX compiler ABI info - done
[2.635s] -- Detecting CXX compile features
[2.636s] -- Detecting CXX compile features - done
[2.658s] -- Found ament_cmake: 0.9.12 (/opt/ros/foxy/share/ament_cmake/cmake)
[2.681s] -- Found PythonInterp: /usr/bin/python3 (found suitable version "3.8.10", minimum required is "3") 
[2.681s] -- Using PYTHON_EXECUTABLE: /usr/bin/python3
[2.837s] -- Found pluginlib: 2.5.4 (/opt/ros/foxy/share/pluginlib/cmake)
[5.604s] -- Found ament_lint_auto: 0.9.8 (/opt/ros/foxy/share/ament_lint_auto/cmake)
[5.692s] -- Added test 'copyright' to check source files copyright and LICENSE
[5.693s] -- Added test 'cppcheck' to perform static code analysis on C / C++ code
[5.693s] -- Configured cppcheck include dirs: $<BUILD_INTERFACE:/home/dyddl2082/ros2_ws/src/polygon_base/include>
[5.693s] -- Configured cppcheck exclude dirs and/or files: 
[5.695s] -- Added test 'cpplint' to check C / C++ code against the Google style
[5.695s] -- Configured cpplint exclude dirs and/or files: 
[5.696s] -- Added test 'lint_cmake' to check CMake code style
[5.697s] -- Added test 'uncrustify' to check C / C++ code style
[5.697s] -- Configured uncrustify additional arguments: 
[5.699s] -- Added test 'xmllint' to check XML markup files
[5.702s] -- Configuring done
[5.706s] -- Generating done
[5.707s] -- Build files have been written to: /home/dyddl2082/ros2_ws/build/polygon_base
[5.714s] Invoked command in '/home/dyddl2082/ros2_ws/build/polygon_base' returned '0': CMAKE_PREFIX_PATH=/opt/ros/foxy /usr/bin/cmake /home/dyddl2082/ros2_ws/src/polygon_base -DCMAKE_INSTALL_PREFIX=/home/dyddl2082/ros2_ws/install/polygon_base
[5.717s] Invoking command in '/home/dyddl2082/ros2_ws/build/polygon_base': CMAKE_PREFIX_PATH=/opt/ros/foxy /usr/bin/cmake --build /home/dyddl2082/ros2_ws/build/polygon_base -- -j18 -l18
[5.748s] [35m[1mScanning dependencies of target area_node[0m
[5.776s] [ 50%] [32mBuilding CXX object CMakeFiles/area_node.dir/src/area_node.cpp.o[0m
[6.389s] [01m[K/home/dyddl2082/ros2_ws/src/polygon_base/src/area_node.cpp:[m[K In function â€˜[01m[Kint main(int, char**)[m[Kâ€™:
[6.389s] [01m[K/home/dyddl2082/ros2_ws/src/polygon_base/src/area_node.cpp:9:14:[m[K [01;31m[Kerror: [m[Kâ€˜[01m[KClass[m[Kâ€™ is not a member of â€˜[01m[Kpluginlib[m[Kâ€™
[6.389s]     9 |   pluginlib::[01;31m[KClass[m[K<polygon_base::RegularPolygon> poly_loader("polygon_base", "polygon_base::RegularPolygon");
[6.389s]       |              [01;31m[K^~~~~[m[K
[6.389s] [01m[K/home/dyddl2082/ros2_ws/src/polygon_base/src/area_node.cpp:9:48:[m[K [01;31m[Kerror: [m[Kexpected primary-expression before â€˜[01m[K>[m[Kâ€™ token
[6.389s]     9 |   pluginlib::Class<polygon_base::RegularPolygon[01;31m[K>[m[K poly_loader("polygon_base", "polygon_base::RegularPolygon");
[6.389s]       |                                                [01;31m[K^[m[K
[6.389s] [01m[K/home/dyddl2082/ros2_ws/src/polygon_base/src/area_node.cpp:9:50:[m[K [01;31m[Kerror: [m[Kâ€˜[01m[Kpoly_loader[m[Kâ€™ was not declared in this scope
[6.389s]     9 |   pluginlib::Class<polygon_base::RegularPolygon> [01;31m[Kpoly_loader[m[K("polygon_base", "polygon_base::RegularPolygon");
[6.389s]       |                                                  [01;31m[K^~~~~~~~~~~[m[K
[6.391s] [01m[K/home/dyddl2082/ros2_ws/src/polygon_base/src/area_node.cpp:14:15:[m[K [01;31m[Kerror: [m[Kâ€˜[01m[Kusing element_type = class polygon_base::RegularPolygon[m[Kâ€™ {aka â€˜[01m[Kclass polygon_base::RegularPolygon[m[Kâ€™} has no member named â€˜[01m[Kinitalize[m[Kâ€™; did you mean â€˜[01m[Kinitialize[m[Kâ€™?
[6.391s]    14 |     triangle->[01;31m[Kinitalize[m[K(10.0);
[6.391s]       |               [01;31m[K^~~~~~~~~[m[K
[6.391s]       |               [32m[Kinitialize[m[K
[6.391s] [01m[K/home/dyddl2082/ros2_ws/src/polygon_base/src/area_node.cpp:17:13:[m[K [01;31m[Kerror: [m[Kâ€˜[01m[Kusing element_type = class polygon_base::RegularPolygon[m[Kâ€™ {aka â€˜[01m[Kclass polygon_base::RegularPolygon[m[Kâ€™} has no member named â€˜[01m[Kinitalize[m[Kâ€™; did you mean â€˜[01m[Kinitialize[m[Kâ€™?
[6.391s]    17 |     square->[01;31m[Kinitalize[m[K(10.0);
[6.391s]       |             [01;31m[K^~~~~~~~~[m[K
[6.391s]       |             [32m[Kinitialize[m[K
[6.773s] make[2]: *** [CMakeFiles/area_node.dir/build.make:63: CMakeFiles/area_node.dir/src/area_node.cpp.o] Error 1
[6.773s] make[1]: *** [CMakeFiles/Makefile2:78: CMakeFiles/area_node.dir/all] Error 2
[6.773s] make: *** [Makefile:141: all] Error 2
[6.776s] Invoked command in '/home/dyddl2082/ros2_ws/build/polygon_base' returned '2': CMAKE_PREFIX_PATH=/opt/ros/foxy /usr/bin/cmake --build /home/dyddl2082/ros2_ws/build/polygon_base -- -j18 -l18
